<?xml version="1.0" encoding="UTF-8"?>
<!-- Generated by org.testng.reporters.JUnitReportReporter -->
<testsuite hostname="admin-PC" name="com.infofactors.Handling_Keyboard_Operations" tests="1" failures="0" timestamp="24 Aug 2018 17:16:36 GMT" time="14.767" errors="0">
  <testcase name="gmailkeyboardTest" time="14.767" classname="com.infofactors.Handling_Keyboard_Operations"/>
</testsuite> <!-- com.infofactors.Handling_Keyboard_Operations -->
