<?xml version="1.0" encoding="UTF-8"?>
<!-- Generated by org.testng.reporters.JUnitReportReporter -->
<testsuite hostname="admin-PC" name="com.infofactors.Handling_Drag_And_Drop_Operations" tests="1" failures="0" timestamp="24 Aug 2018 17:36:39 GMT" time="10.960" errors="0">
  <testcase name="dragdropTest" time="10.960" classname="com.infofactors.Handling_Drag_And_Drop_Operations"/>
</testsuite> <!-- com.infofactors.Handling_Drag_And_Drop_Operations -->
