<?xml version="1.0" encoding="UTF-8"?>
<!-- Generated by org.testng.reporters.JUnitReportReporter -->
<testsuite hostname="admin-PC" name="com.selenium.advanced.concepts.Verify_Disable_Element" tests="1" failures="0" timestamp="28 Aug 2018 05:22:15 GMT" time="100.278" errors="0">
  <testcase name="verifyobject" time="100.278" classname="com.selenium.advanced.concepts.Verify_Disable_Element"/>
</testsuite> <!-- com.selenium.advanced.concepts.Verify_Disable_Element -->
