<?xml version="1.0" encoding="UTF-8"?>
<!-- Generated by org.testng.reporters.JUnitReportReporter -->
<testsuite hostname="admin-PC" name="com.selenium.advanced.concepts.Verify_Element_Disable_And_Enable" tests="1" failures="0" timestamp="27 Aug 2018 07:08:07 GMT" time="23.524" errors="0">
  <testcase name="verifielementEnable" time="23.524" classname="com.selenium.advanced.concepts.Verify_Element_Disable_And_Enable"/>
</testsuite> <!-- com.selenium.advanced.concepts.Verify_Element_Disable_And_Enable -->
