<?xml version="1.0" encoding="UTF-8"?>
<!-- Generated by org.testng.reporters.JUnitReportReporter -->
<testsuite hostname="admin-PC" name="com.infofactors.Handling_Screenshots" tests="1" failures="0" timestamp="24 Aug 2018 17:37:44 GMT" time="19.049" errors="0">
  <testcase name="takescreenshotTest" time="19.049" classname="com.infofactors.Handling_Screenshots"/>
</testsuite> <!-- com.infofactors.Handling_Screenshots -->
