<?xml version="1.0" encoding="UTF-8"?>
<!-- Generated by org.testng.reporters.JUnitReportReporter -->
<testsuite hostname="admin-PC" name="com.infofactors.Handling_Mouse_Operations" tests="1" failures="0" timestamp="24 Aug 2018 16:46:30 GMT" time="13.422" errors="0">
  <testcase name="way2automationTest" time="13.422" classname="com.infofactors.Handling_Mouse_Operations"/>
</testsuite> <!-- com.infofactors.Handling_Mouse_Operations -->
